0 info it worked if it ends with ok
1 verbose cli [ 'C:\\Program Files\\nodejs\\node.exe',
1 verbose cli   'C:\\Program Files\\nodejs\\node_modules\\npm\\bin\\npm-cli.js',
1 verbose cli   'install',
1 verbose cli   'nodejs-disks',
1 verbose cli   '--save' ]
2 info using npm@2.15.9
3 info using node@v4.6.0
4 verbose install initial load of C:\dmon\run\package.json
5 verbose installManyTop reading scoped package data from C:\dmon\run\node_modules\drivelist\package.json
6 verbose installManyTop reading scoped package data from C:\dmon\run\node_modules\ws\package.json
7 verbose readDependencies loading dependencies from C:\dmon\run\package.json
8 silly cache add args [ 'nodejs-disks', null ]
9 verbose cache add spec nodejs-disks
10 silly cache add parsed spec Result {
10 silly cache add   raw: 'nodejs-disks',
10 silly cache add   scope: null,
10 silly cache add   name: 'nodejs-disks',
10 silly cache add   rawSpec: '',
10 silly cache add   spec: 'latest',
10 silly cache add   type: 'tag' }
11 silly addNamed nodejs-disks@latest
12 verbose addNamed "latest" is being treated as a dist-tag for nodejs-disks
13 info addNameTag [ 'nodejs-disks', 'latest' ]
14 silly mapToRegistry name nodejs-disks
15 silly mapToRegistry using default registry
16 silly mapToRegistry registry https://registry.npmjs.org/
17 silly mapToRegistry data Result {
17 silly mapToRegistry   raw: 'nodejs-disks',
17 silly mapToRegistry   scope: null,
17 silly mapToRegistry   name: 'nodejs-disks',
17 silly mapToRegistry   rawSpec: '',
17 silly mapToRegistry   spec: 'latest',
17 silly mapToRegistry   type: 'tag' }
18 silly mapToRegistry uri https://registry.npmjs.org/nodejs-disks
19 verbose addNameTag registry:https://registry.npmjs.org/nodejs-disks not in flight; fetching
20 verbose request uri https://registry.npmjs.org/nodejs-disks
21 verbose request no auth needed
22 info attempt registry request try #1 at 5:17:36 PM
23 verbose request id 5e98e3869776ecb0
24 http request GET https://registry.npmjs.org/nodejs-disks
25 http 200 https://registry.npmjs.org/nodejs-disks
26 verbose headers { server: 'CouchDB/1.5.0 (Erlang OTP/R16B03)',
26 verbose headers   etag: '"22CH5BFRH11L3U5A7VOAMNSSI"',
26 verbose headers   'content-type': 'application/json',
26 verbose headers   'content-encoding': 'gzip',
26 verbose headers   'cache-control': 'max-age=300',
26 verbose headers   'content-length': '2322',
26 verbose headers   'accept-ranges': 'bytes',
26 verbose headers   date: 'Wed, 05 Oct 2016 15:17:42 GMT',
26 verbose headers   via: '1.1 varnish',
26 verbose headers   age: '0',
26 verbose headers   connection: 'keep-alive',
26 verbose headers   'x-served-by': 'cache-ams4420-AMS',
26 verbose headers   'x-cache': 'MISS',
26 verbose headers   'x-cache-hits': '0',
26 verbose headers   'x-timer': 'S1475680661.871977,VS0,VE717',
26 verbose headers   vary: 'Accept-Encoding' }
27 silly get cb [ 200,
27 silly get   { server: 'CouchDB/1.5.0 (Erlang OTP/R16B03)',
27 silly get     etag: '"22CH5BFRH11L3U5A7VOAMNSSI"',
27 silly get     'content-type': 'application/json',
27 silly get     'content-encoding': 'gzip',
27 silly get     'cache-control': 'max-age=300',
27 silly get     'content-length': '2322',
27 silly get     'accept-ranges': 'bytes',
27 silly get     date: 'Wed, 05 Oct 2016 15:17:42 GMT',
27 silly get     via: '1.1 varnish',
27 silly get     age: '0',
27 silly get     connection: 'keep-alive',
27 silly get     'x-served-by': 'cache-ams4420-AMS',
27 silly get     'x-cache': 'MISS',
27 silly get     'x-cache-hits': '0',
27 silly get     'x-timer': 'S1475680661.871977,VS0,VE717',
27 silly get     vary: 'Accept-Encoding' } ]
28 verbose get saving nodejs-disks to C:\Users\Amageza\AppData\Roaming\npm-cache\registry.npmjs.org\nodejs-disks\.cache.json
29 verbose correctMkdir C:\Users\Amageza\AppData\Roaming\npm-cache correctMkdir not in flight; initializing
30 silly addNameTag next cb for nodejs-disks with tag latest
31 silly addNamed nodejs-disks@0.2.1
32 verbose addNamed "0.2.1" is a plain semver version for nodejs-disks
33 silly mapToRegistry name nodejs-disks
34 silly mapToRegistry using default registry
35 silly mapToRegistry registry https://registry.npmjs.org/
36 silly mapToRegistry data Result {
36 silly mapToRegistry   raw: 'nodejs-disks',
36 silly mapToRegistry   scope: null,
36 silly mapToRegistry   name: 'nodejs-disks',
36 silly mapToRegistry   rawSpec: '',
36 silly mapToRegistry   spec: 'latest',
36 silly mapToRegistry   type: 'tag' }
37 silly mapToRegistry uri https://registry.npmjs.org/nodejs-disks
38 verbose addRemoteTarball https://registry.npmjs.org/nodejs-disks/-/nodejs-disks-0.2.1.tgz not in flight; adding
39 verbose addRemoteTarball [ 'https://registry.npmjs.org/nodejs-disks/-/nodejs-disks-0.2.1.tgz',
39 verbose addRemoteTarball   '8bd4cff8ddae1e2059f2104f14c334f5b21fb9f1' ]
40 info retry fetch attempt 1 at 5:17:38 PM
41 info attempt registry request try #1 at 5:17:38 PM
42 http fetch GET https://registry.npmjs.org/nodejs-disks/-/nodejs-disks-0.2.1.tgz
43 http fetch 200 https://registry.npmjs.org/nodejs-disks/-/nodejs-disks-0.2.1.tgz
44 silly fetchAndShaCheck shasum 8bd4cff8ddae1e2059f2104f14c334f5b21fb9f1
45 verbose addTmpTarball C:\Users\Amageza\AppData\Local\Temp\npm-2284-89df6a1f\registry.npmjs.org\nodejs-disks\-\nodejs-disks-0.2.1.tgz not in flight; adding
46 verbose addTmpTarball already have metadata; skipping unpack for nodejs-disks@0.2.1
47 verbose correctMkdir C:\Users\Amageza\AppData\Roaming\npm-cache correctMkdir not in flight; initializing
48 silly cache afterAdd nodejs-disks@0.2.1
49 verbose afterAdd C:\Users\Amageza\AppData\Roaming\npm-cache\nodejs-disks\0.2.1\package\package.json not in flight; writing
50 verbose correctMkdir C:\Users\Amageza\AppData\Roaming\npm-cache correctMkdir not in flight; initializing
51 verbose afterAdd C:\Users\Amageza\AppData\Roaming\npm-cache\nodejs-disks\0.2.1\package\package.json written
52 silly install resolved [ { author: { name: 'Shaun Hevey' },
52 silly install resolved     name: 'nodejs-disks',
52 silly install resolved     description: 'Nodejs module to gets current disk information from Server hosting nodejs application tested on OSX and ubuntu adapted from node-diskfree see Readme',
52 silly install resolved     version: '0.2.1',
52 silly install resolved     license: 'MIT',
52 silly install resolved     main: './lib/disks',
52 silly install resolved     scripts: { test: 'mocha test/ -R spec -s 300 -t 3000' },
52 silly install resolved     repository:
52 silly install resolved      { type: 'git',
52 silly install resolved        url: 'https://github.com/shaun-h/nodejs-disks.git' },
52 silly install resolved     keywords: [ 'disk', 'disks', 'free space', 'volumes', 'harddisk' ],
52 silly install resolved     dependencies: { async: '~0.2.9', numeral: '~1.4.8' },
52 silly install resolved     os: [ 'darwin', 'linux' ],
52 silly install resolved     devDependencies: { mocha: '~1.20.1', should: '~4.0.4' },
52 silly install resolved     gitHead: '73b195c77ff7123fa79dfb1be6dea48ba2ede08e',
52 silly install resolved     bugs: { url: 'https://github.com/shaun-h/nodejs-disks/issues' },
52 silly install resolved     homepage: 'https://github.com/shaun-h/nodejs-disks',
52 silly install resolved     _id: 'nodejs-disks@0.2.1',
52 silly install resolved     _shasum: '8bd4cff8ddae1e2059f2104f14c334f5b21fb9f1',
52 silly install resolved     _from: 'nodejs-disks@latest',
52 silly install resolved     _npmVersion: '1.4.14',
52 silly install resolved     _npmUser: { name: 'shaun.hevey', email: 'shaun@hevey.co' },
52 silly install resolved     maintainers: [ [Object] ],
52 silly install resolved     dist:
52 silly install resolved      { shasum: '8bd4cff8ddae1e2059f2104f14c334f5b21fb9f1',
52 silly install resolved        tarball: 'https://registry.npmjs.org/nodejs-disks/-/nodejs-disks-0.2.1.tgz' },
52 silly install resolved     directories: {},
52 silly install resolved     _resolved: 'https://registry.npmjs.org/nodejs-disks/-/nodejs-disks-0.2.1.tgz' } ]
53 info install nodejs-disks@0.2.1 into C:\dmon\run
54 info installOne nodejs-disks@0.2.1
55 verbose installOne of nodejs-disks to C:\dmon\run not in flight; installing
56 verbose correctMkdir C:\Users\Amageza\AppData\Roaming\npm-cache\_locks correctMkdir not in flight; initializing
57 verbose lock using C:\Users\Amageza\AppData\Roaming\npm-cache\_locks\nodejs-disks-36e5dd1cddc0edd9.lock for C:\dmon\run\node_modules\nodejs-disks
58 verbose unlock done using C:\Users\Amageza\AppData\Roaming\npm-cache\_locks\nodejs-disks-36e5dd1cddc0edd9.lock for C:\dmon\run\node_modules\nodejs-disks
59 verbose stack Error: Unsupported
59 verbose stack     at checkPlatform (C:\Program Files\nodejs\node_modules\npm\node_modules\npm-install-checks\index.js:47:14)
59 verbose stack     at Array.<anonymous> (C:\Program Files\nodejs\node_modules\npm\node_modules\slide\lib\bind-actor.js:15:8)
59 verbose stack     at LOOP (C:\Program Files\nodejs\node_modules\npm\node_modules\slide\lib\chain.js:15:14)
59 verbose stack     at C:\Program Files\nodejs\node_modules\npm\node_modules\slide\lib\chain.js:18:7
59 verbose stack     at checkEngine (C:\Program Files\nodejs\node_modules\npm\node_modules\npm-install-checks\index.js:11:20)
59 verbose stack     at Array.<anonymous> (C:\Program Files\nodejs\node_modules\npm\node_modules\slide\lib\bind-actor.js:15:8)
59 verbose stack     at LOOP (C:\Program Files\nodejs\node_modules\npm\node_modules\slide\lib\chain.js:15:14)
59 verbose stack     at chain (C:\Program Files\nodejs\node_modules\npm\node_modules\slide\lib\chain.js:20:5)
59 verbose stack     at C:\Program Files\nodejs\node_modules\npm\lib\install.js:1038:5
59 verbose stack     at C:\Program Files\nodejs\node_modules\npm\lib\utils\locker.js:39:7
60 verbose pkgid nodejs-disks@0.2.1
61 verbose cwd C:\dmon\run
62 error Windows_NT 6.1.7601
63 error argv "C:\\Program Files\\nodejs\\node.exe" "C:\\Program Files\\nodejs\\node_modules\\npm\\bin\\npm-cli.js" "install" "nodejs-disks" "--save"
64 error node v4.6.0
65 error npm  v2.15.9
66 error code EBADPLATFORM
67 error notsup Unsupported
67 error notsup Not compatible with your operating system or architecture: nodejs-disks@0.2.1
67 error notsup Valid OS:    darwin,linux
67 error notsup Valid Arch:  any
67 error notsup Actual OS:   win32
67 error notsup Actual Arch: ia32
68 verbose exit [ 1, true ]
